This file contains any messages produced by compilers while
running configure, to aid debugging if configure makes a mistake.

It was created by psnotes configure 0.7.1, which was
generated by GNU Autoconf 2.68.  Invocation command line was

  $ /home/zach/Programming/psnotes/configure --enable-maintainer-mode --no-create --no-recursion

## --------- ##
## Platform. ##
## --------- ##

hostname = zach-Lemur-UltraThin
uname -m = x86_64
uname -r = 3.2.0-38-generic
uname -s = Linux
uname -v = #61-Ubuntu SMP Tue Feb 19 12:18:21 UTC 2013

/usr/bin/uname -p = unknown
/bin/uname -X     = unknown

/bin/arch              = unknown
/usr/bin/arch -k       = unknown
/usr/convex/getsysinfo = unknown
/usr/bin/hostinfo      = unknown
/bin/machine           = unknown
/usr/bin/oslevel       = unknown
/bin/universe          = unknown

PATH: /usr/lib/lightdm/lightdm
PATH: /usr/local/sbin
PATH: /usr/local/bin
PATH: /usr/sbin
PATH: /usr/bin
PATH: /sbin
PATH: /bin
PATH: /usr/games


## ----------- ##
## Core tests. ##
## ----------- ##

configure:2219: checking for a BSD-compatible install
configure:2287: result: /usr/bin/install -c
configure:2298: checking whether build environment is sane
configure:2348: result: yes
configure:2489: checking for a thread-safe mkdir -p
configure:2528: result: /bin/mkdir -p
configure:2541: checking for gawk
configure:2571: result: no
configure:2541: checking for mawk
configure:2557: found /usr/bin/mawk
configure:2568: result: mawk
configure:2579: checking whether make sets $(MAKE)
configure:2601: result: yes
configure:2693: checking whether make supports nested variables
configure:2710: result: yes
configure:2770: checking for gcc
configure:2786: found /usr/bin/gcc
configure:2797: result: gcc
configure:3026: checking for C compiler version
configure:3035: gcc --version >&5
gcc (Ubuntu/Linaro 4.6.3-1ubuntu5) 4.6.3
Copyright (C) 2011 Free Software Foundation, Inc.
This is free software; see the source for copying conditions.  There is NO
warranty; not even for MERCHANTABILITY or FITNESS FOR A PARTICULAR PURPOSE.

configure:3046: $? = 0
configure:3035: gcc -v >&5
Using built-in specs.
COLLECT_GCC=gcc
COLLECT_LTO_WRAPPER=/usr/lib/gcc/x86_64-linux-gnu/4.6/lto-wrapper
Target: x86_64-linux-gnu
Configured with: ../src/configure -v --with-pkgversion='Ubuntu/Linaro 4.6.3-1ubuntu5' --with-bugurl=file:///usr/share/doc/gcc-4.6/README.Bugs --enable-languages=c,c++,fortran,objc,obj-c++ --prefix=/usr --program-suffix=-4.6 --enable-shared --enable-linker-build-id --with-system-zlib --libexecdir=/usr/lib --without-included-gettext --enable-threads=posix --with-gxx-include-dir=/usr/include/c++/4.6 --libdir=/usr/lib --enable-nls --with-sysroot=/ --enable-clocale=gnu --enable-libstdcxx-debug --enable-libstdcxx-time=yes --enable-gnu-unique-object --enable-plugin --enable-objc-gc --disable-werror --with-arch-32=i686 --with-tune=generic --enable-checking=release --build=x86_64-linux-gnu --host=x86_64-linux-gnu --target=x86_64-linux-gnu
Thread model: posix
gcc version 4.6.3 (Ubuntu/Linaro 4.6.3-1ubuntu5) 
configure:3046: $? = 0
configure:3035: gcc -V >&5
gcc: error: unrecognized option '-V'
gcc: fatal error: no input files
compilation terminated.
configure:3046: $? = 4
configure:3035: gcc -qversion >&5
gcc: error: unrecognized option '-qversion'
gcc: fatal error: no input files
compilation terminated.
configure:3046: $? = 4
configure:3066: checking whether the C compiler works
configure:3088: gcc    conftest.c  >&5
configure:3092: $? = 0
configure:3140: result: yes
configure:3143: checking for C compiler default output file name
configure:3145: result: a.out
configure:3151: checking for suffix of executables
configure:3158: gcc -o conftest    conftest.c  >&5
configure:3162: $? = 0
configure:3184: result: 
configure:3206: checking whether we are cross compiling
configure:3214: gcc -o conftest    conftest.c  >&5
configure:3218: $? = 0
configure:3225: ./conftest
configure:3229: $? = 0
configure:3244: result: no
configure:3249: checking for suffix of object files
configure:3271: gcc -c   conftest.c >&5
configure:3275: $? = 0
configure:3296: result: o
configure:3300: checking whether we are using the GNU C compiler
configure:3319: gcc -c   conftest.c >&5
configure:3319: $? = 0
configure:3328: result: yes
configure:3337: checking whether gcc accepts -g
configure:3357: gcc -c -g  conftest.c >&5
configure:3357: $? = 0
configure:3398: result: yes
configure:3415: checking for gcc option to accept ISO C89
configure:3479: gcc  -c -g -O2  conftest.c >&5
configure:3479: $? = 0
configure:3492: result: none needed
configure:3523: checking for style of include used by make
configure:3551: result: GNU
configure:3577: checking dependency style of gcc
configure:3688: result: gcc3
configure:3734: checking build system type
configure:3748: result: x86_64-unknown-linux-gnu
configure:3768: checking host system type
configure:3781: result: x86_64-unknown-linux-gnu
configure:3822: checking how to print strings
configure:3849: result: printf
configure:3870: checking for a sed that does not truncate output
configure:3934: result: /bin/sed
configure:3952: checking for grep that handles long lines and -e
configure:4010: result: /bin/grep
configure:4015: checking for egrep
configure:4077: result: /bin/grep -E
configure:4082: checking for fgrep
configure:4144: result: /bin/grep -F
configure:4179: checking for ld used by gcc
configure:4246: result: /usr/bin/ld
configure:4253: checking if the linker (/usr/bin/ld) is GNU ld
configure:4268: result: yes
configure:4280: checking for BSD- or MS-compatible name lister (nm)
configure:4329: result: /usr/bin/nm -B
configure:4459: checking the name lister (/usr/bin/nm -B) interface
configure:4466: gcc -c -g -O2  conftest.c >&5
configure:4469: /usr/bin/nm -B "conftest.o"
configure:4472: output
0000000000000000 B some_variable
configure:4479: result: BSD nm
configure:4482: checking whether ln -s works
configure:4486: result: yes
configure:4494: checking the maximum length of command line arguments
configure:4624: result: 3458764513820540925
configure:4641: checking whether the shell understands some XSI constructs
configure:4651: result: yes
configure:4655: checking whether the shell understands "+="
configure:4661: result: yes
configure:4696: checking how to convert x86_64-unknown-linux-gnu file names to x86_64-unknown-linux-gnu format
configure:4736: result: func_convert_file_noop
configure:4743: checking how to convert x86_64-unknown-linux-gnu file names to toolchain format
configure:4763: result: func_convert_file_noop
configure:4770: checking for /usr/bin/ld option to reload object files
configure:4777: result: -r
configure:4851: checking for objdump
configure:4867: found /usr/bin/objdump
configure:4878: result: objdump
configure:4910: checking how to recognize dependent libraries
configure:5112: result: pass_all
configure:5197: checking for dlltool
configure:5227: result: no
configure:5257: checking how to associate runtime and link libraries
configure:5284: result: printf %s\n
configure:5345: checking for ar
configure:5361: found /usr/bin/ar
configure:5372: result: ar
configure:5409: checking for archiver @FILE support
configure:5426: gcc -c -g -O2  conftest.c >&5
configure:5426: $? = 0
configure:5429: ar cru libconftest.a @conftest.lst >&5
configure:5432: $? = 0
configure:5437: ar cru libconftest.a @conftest.lst >&5
ar: conftest.o: No such file or directory
configure:5440: $? = 1
configure:5452: result: @
configure:5510: checking for strip
configure:5526: found /usr/bin/strip
configure:5537: result: strip
configure:5609: checking for ranlib
configure:5625: found /usr/bin/ranlib
configure:5636: result: ranlib
configure:5738: checking command to parse /usr/bin/nm -B output from gcc object
configure:5858: gcc -c -g -O2  conftest.c >&5
configure:5861: $? = 0
configure:5865: /usr/bin/nm -B conftest.o \| sed -n -e 's/^.*[ ]\([ABCDGIRSTW][ABCDGIRSTW]*\)[ ][ ]*\([_A-Za-z][_A-Za-z0-9]*\)$/\1 \2 \2/p' | sed '/ __gnu_lto/d' \> conftest.nm
configure:5868: $? = 0
configure:5934: gcc -o conftest -g -O2   conftest.c conftstm.o >&5
configure:5937: $? = 0
configure:5975: result: ok
configure:6012: checking for sysroot
configure:6042: result: no
configure:6119: gcc -c -g -O2  conftest.c >&5
configure:6122: $? = 0
configure:6298: checking for mt
configure:6314: found /bin/mt
configure:6325: result: mt
configure:6348: checking if mt is a manifest tool
configure:6354: mt '-?'
configure:6362: result: no
configure:7004: checking how to run the C preprocessor
configure:7035: gcc -E  conftest.c
configure:7035: $? = 0
configure:7049: gcc -E  conftest.c
conftest.c:11:28: fatal error: ac_nonexistent.h: No such file or directory
compilation terminated.
configure:7049: $? = 1
configure: failed program was:
| /* confdefs.h */
| #define PACKAGE_NAME "psnotes"
| #define PACKAGE_TARNAME "psnotes"
| #define PACKAGE_VERSION "0.7.1"
| #define PACKAGE_STRING "psnotes 0.7.1"
| #define PACKAGE_BUGREPORT ""
| #define PACKAGE_URL ""
| #define PACKAGE "psnotes"
| #define VERSION "0.7.1"
| /* end confdefs.h.  */
| #include <ac_nonexistent.h>
configure:7074: result: gcc -E
configure:7094: gcc -E  conftest.c
configure:7094: $? = 0
configure:7108: gcc -E  conftest.c
conftest.c:11:28: fatal error: ac_nonexistent.h: No such file or directory
compilation terminated.
configure:7108: $? = 1
configure: failed program was:
| /* confdefs.h */
| #define PACKAGE_NAME "psnotes"
| #define PACKAGE_TARNAME "psnotes"
| #define PACKAGE_VERSION "0.7.1"
| #define PACKAGE_STRING "psnotes 0.7.1"
| #define PACKAGE_BUGREPORT ""
| #define PACKAGE_URL ""
| #define PACKAGE "psnotes"
| #define VERSION "0.7.1"
| /* end confdefs.h.  */
| #include <ac_nonexistent.h>
configure:7137: checking for ANSI C header files
configure:7157: gcc -c -g -O2  conftest.c >&5
configure:7157: $? = 0
configure:7230: gcc -o conftest -g -O2   conftest.c  >&5
configure:7230: $? = 0
configure:7230: ./conftest
configure:7230: $? = 0
configure:7241: result: yes
configure:7254: checking for sys/types.h
configure:7254: gcc -c -g -O2  conftest.c >&5
configure:7254: $? = 0
configure:7254: result: yes
configure:7254: checking for sys/stat.h
configure:7254: gcc -c -g -O2  conftest.c >&5
configure:7254: $? = 0
configure:7254: result: yes
configure:7254: checking for stdlib.h
configure:7254: gcc -c -g -O2  conftest.c >&5
configure:7254: $? = 0
configure:7254: result: yes
configure:7254: checking for string.h
configure:7254: gcc -c -g -O2  conftest.c >&5
configure:7254: $? = 0
configure:7254: result: yes
configure:7254: checking for memory.h
configure:7254: gcc -c -g -O2  conftest.c >&5
configure:7254: $? = 0
configure:7254: result: yes
configure:7254: checking for strings.h
configure:7254: gcc -c -g -O2  conftest.c >&5
configure:7254: $? = 0
configure:7254: result: yes
configure:7254: checking for inttypes.h
configure:7254: gcc -c -g -O2  conftest.c >&5
configure:7254: $? = 0
configure:7254: result: yes
configure:7254: checking for stdint.h
configure:7254: gcc -c -g -O2  conftest.c >&5
configure:7254: $? = 0
configure:7254: result: yes
configure:7254: checking for unistd.h
configure:7254: gcc -c -g -O2  conftest.c >&5
configure:7254: $? = 0
configure:7254: result: yes
configure:7268: checking for dlfcn.h
configure:7268: gcc -c -g -O2  conftest.c >&5
configure:7268: $? = 0
configure:7268: result: yes
configure:7474: checking for objdir
configure:7489: result: .libs
configure:7756: checking if gcc supports -fno-rtti -fno-exceptions
configure:7774: gcc -c -g -O2  -fno-rtti -fno-exceptions conftest.c >&5
cc1: warning: command line option '-fno-rtti' is valid for C++/ObjC++ but not for C [enabled by default]
configure:7778: $? = 0
configure:7791: result: no
configure:8118: checking for gcc option to produce PIC
configure:8125: result: -fPIC -DPIC
configure:8133: checking if gcc PIC flag -fPIC -DPIC works
configure:8151: gcc -c -g -O2  -fPIC -DPIC -DPIC conftest.c >&5
configure:8155: $? = 0
configure:8168: result: yes
configure:8197: checking if gcc static flag -static works
configure:8225: result: yes
configure:8240: checking if gcc supports -c -o file.o
configure:8261: gcc -c -g -O2  -o out/conftest2.o conftest.c >&5
configure:8265: $? = 0
configure:8287: result: yes
configure:8295: checking if gcc supports -c -o file.o
configure:8342: result: yes
configure:8375: checking whether the gcc linker (/usr/bin/ld -m elf_x86_64) supports shared libraries
configure:9532: result: yes
configure:9569: checking whether -lc should be explicitly linked in
configure:9577: gcc -c -g -O2  conftest.c >&5
configure:9580: $? = 0
configure:9595: gcc -shared  -fPIC -DPIC conftest.o  -v -Wl,-soname -Wl,conftest -o conftest 2\>\&1 \| /bin/grep  -lc  \>/dev/null 2\>\&1
configure:9598: $? = 0
configure:9612: result: no
configure:9772: checking dynamic linker characteristics
configure:10283: gcc -o conftest -g -O2   -Wl,-rpath -Wl,/foo conftest.c  >&5
configure:10283: $? = 0
configure:10517: result: GNU/Linux ld.so
configure:10624: checking how to hardcode library paths into programs
configure:10649: result: immediate
configure:11189: checking whether stripping libraries is possible
configure:11194: result: yes
configure:11229: checking if libtool supports shared libraries
configure:11231: result: yes
configure:11234: checking whether to build shared libraries
configure:11255: result: yes
configure:11258: checking whether to build static libraries
configure:11262: result: yes
configure:11303: checking for valac
configure:11321: found /usr/bin/valac
configure:11333: result: /usr/bin/valac
configure:11346: checking /usr/bin/valac is at least version 0.10.0
configure:11354: result: yes
configure:11425: checking for pkg-config
configure:11443: found /usr/bin/pkg-config
configure:11455: result: /usr/bin/pkg-config
configure:11480: checking pkg-config is at least version 0.9.0
configure:11483: result: yes
configure:11493: checking for PSNOTES
configure:11501: $PKG_CONFIG --exists --print-errors "gdk-3.0
gtk+-3.0 gio-2.0 glib-2.0 gee-1.0 gtk+-3.0"
configure:11505: $? = 0
configure:11521: $PKG_CONFIG --exists --print-errors "gdk-3.0
gtk+-3.0 gio-2.0 glib-2.0 gee-1.0 gtk+-3.0"
configure:11525: $? = 0
configure:11587: result: yes
configure:11725: creating ./config.status
configure:13960: WARNING: unrecognized options: --enable-maintainer-mode

## ---------------- ##
## Cache variables. ##
## ---------------- ##

ac_cv_build=x86_64-unknown-linux-gnu
ac_cv_c_compiler_gnu=yes
ac_cv_env_CC_set=
ac_cv_env_CC_value=
ac_cv_env_CFLAGS_set=
ac_cv_env_CFLAGS_value=
ac_cv_env_CPPFLAGS_set=
ac_cv_env_CPPFLAGS_value=
ac_cv_env_CPP_set=
ac_cv_env_CPP_value=
ac_cv_env_LDFLAGS_set=
ac_cv_env_LDFLAGS_value=
ac_cv_env_LIBS_set=
ac_cv_env_LIBS_value=
ac_cv_env_PKG_CONFIG_LIBDIR_set=
ac_cv_env_PKG_CONFIG_LIBDIR_value=
ac_cv_env_PKG_CONFIG_PATH_set=
ac_cv_env_PKG_CONFIG_PATH_value=
ac_cv_env_PKG_CONFIG_set=
ac_cv_env_PKG_CONFIG_value=
ac_cv_env_PSNOTES_CFLAGS_set=
ac_cv_env_PSNOTES_CFLAGS_value=
ac_cv_env_PSNOTES_LIBS_set=
ac_cv_env_PSNOTES_LIBS_value=
ac_cv_env_build_alias_set=
ac_cv_env_build_alias_value=
ac_cv_env_host_alias_set=
ac_cv_env_host_alias_value=
ac_cv_env_target_alias_set=
ac_cv_env_target_alias_value=
ac_cv_header_dlfcn_h=yes
ac_cv_header_inttypes_h=yes
ac_cv_header_memory_h=yes
ac_cv_header_stdc=yes
ac_cv_header_stdint_h=yes
ac_cv_header_stdlib_h=yes
ac_cv_header_string_h=yes
ac_cv_header_strings_h=yes
ac_cv_header_sys_stat_h=yes
ac_cv_header_sys_types_h=yes
ac_cv_header_unistd_h=yes
ac_cv_host=x86_64-unknown-linux-gnu
ac_cv_objext=o
ac_cv_path_EGREP='/bin/grep -E'
ac_cv_path_FGREP='/bin/grep -F'
ac_cv_path_GREP=/bin/grep
ac_cv_path_SED=/bin/sed
ac_cv_path_VALAC=/usr/bin/valac
ac_cv_path_ac_pt_PKG_CONFIG=/usr/bin/pkg-config
ac_cv_path_install='/usr/bin/install -c'
ac_cv_path_mkdir=/bin/mkdir
ac_cv_prog_AWK=mawk
ac_cv_prog_CPP='gcc -E'
ac_cv_prog_ac_ct_AR=ar
ac_cv_prog_ac_ct_CC=gcc
ac_cv_prog_ac_ct_MANIFEST_TOOL=mt
ac_cv_prog_ac_ct_OBJDUMP=objdump
ac_cv_prog_ac_ct_RANLIB=ranlib
ac_cv_prog_ac_ct_STRIP=strip
ac_cv_prog_cc_c89=
ac_cv_prog_cc_g=yes
ac_cv_prog_make_make_set=yes
am_cv_CC_dependencies_compiler_type=gcc3
am_cv_make_support_nested_variables=yes
lt_cv_ar_at_file=@
lt_cv_archive_cmds_need_lc=no
lt_cv_deplibs_check_method=pass_all
lt_cv_file_magic_cmd='$MAGIC_CMD'
lt_cv_file_magic_test_file=
lt_cv_ld_reload_flag=-r
lt_cv_nm_interface='BSD nm'
lt_cv_objdir=.libs
lt_cv_path_LD=/usr/bin/ld
lt_cv_path_NM='/usr/bin/nm -B'
lt_cv_path_mainfest_tool=no
lt_cv_prog_compiler_c_o=yes
lt_cv_prog_compiler_pic='-fPIC -DPIC'
lt_cv_prog_compiler_pic_works=yes
lt_cv_prog_compiler_rtti_exceptions=no
lt_cv_prog_compiler_static_works=yes
lt_cv_prog_gnu_ld=yes
lt_cv_sharedlib_from_linklib_cmd='printf %s\n'
lt_cv_shlibpath_overrides_runpath=no
lt_cv_sys_global_symbol_pipe='sed -n -e '\''s/^.*[	 ]\([ABCDGIRSTW][ABCDGIRSTW]*\)[	 ][	 ]*\([_A-Za-z][_A-Za-z0-9]*\)$/\1 \2 \2/p'\'' | sed '\''/ __gnu_lto/d'\'''
lt_cv_sys_global_symbol_to_c_name_address='sed -n -e '\''s/^: \([^ ]*\)[ ]*$/  {\"\1\", (void *) 0},/p'\'' -e '\''s/^[ABCDGIRSTW]* \([^ ]*\) \([^ ]*\)$/  {"\2", (void *) \&\2},/p'\'''
lt_cv_sys_global_symbol_to_c_name_address_lib_prefix='sed -n -e '\''s/^: \([^ ]*\)[ ]*$/  {\"\1\", (void *) 0},/p'\'' -e '\''s/^[ABCDGIRSTW]* \([^ ]*\) \(lib[^ ]*\)$/  {"\2", (void *) \&\2},/p'\'' -e '\''s/^[ABCDGIRSTW]* \([^ ]*\) \([^ ]*\)$/  {"lib\2", (void *) \&\2},/p'\'''
lt_cv_sys_global_symbol_to_cdecl='sed -n -e '\''s/^T .* \(.*\)$/extern int \1();/p'\'' -e '\''s/^[ABCDGIRSTW]* .* \(.*\)$/extern char \1;/p'\'''
lt_cv_sys_max_cmd_len=3458764513820540925
lt_cv_to_host_file_cmd=func_convert_file_noop
lt_cv_to_tool_file_cmd=func_convert_file_noop
pkg_cv_PSNOTES_CFLAGS='-pthread -I/usr/include/gtk-3.0 -I/usr/include/gio-unix-2.0/ -I/usr/include/cairo -I/usr/include/pango-1.0 -I/usr/include/gdk-pixbuf-2.0 -I/usr/include/glib-2.0 -I/usr/lib/x86_64-linux-gnu/glib-2.0/include -I/usr/include/pixman-1 -I/usr/include/freetype2 -I/usr/include/libpng12 -I/usr/include/atk-1.0 -I/usr/include/gee-1.0  '
pkg_cv_PSNOTES_LIBS='-lgee -lgtk-3 -lgdk-3 -latk-1.0 -lgio-2.0 -lpangocairo-1.0 -lgdk_pixbuf-2.0 -lcairo-gobject -lpango-1.0 -lcairo -lgobject-2.0 -lglib-2.0  '

## ----------------- ##
## Output variables. ##
## ----------------- ##

ACLOCAL='${SHELL} /home/zach/Programming/psnotes/missing --run aclocal-1.11'
AMDEPBACKSLASH='\'
AMDEP_FALSE='#'
AMDEP_TRUE=''
AMTAR='$${TAR-tar}'
AM_BACKSLASH='\'
AM_DEFAULT_V='$(AM_DEFAULT_VERBOSITY)'
AM_DEFAULT_VERBOSITY='0'
AM_V='$(V)'
AR='ar'
AUTOCONF='${SHELL} /home/zach/Programming/psnotes/missing --run autoconf'
AUTOHEADER='${SHELL} /home/zach/Programming/psnotes/missing --run autoheader'
AUTOMAKE='${SHELL} /home/zach/Programming/psnotes/missing --run automake-1.11'
AWK='mawk'
CC='gcc'
CCDEPMODE='depmode=gcc3'
CFLAGS='-g -O2'
CPP='gcc -E'
CPPFLAGS=''
CYGPATH_W='echo'
DEFS='-DHAVE_CONFIG_H'
DEPDIR='.deps'
DLLTOOL='false'
DSYMUTIL=''
DUMPBIN=''
ECHO_C=''
ECHO_N='-n'
ECHO_T=''
EGREP='/bin/grep -E'
EXEEXT=''
FGREP='/bin/grep -F'
GREP='/bin/grep'
INSTALL_DATA='${INSTALL} -m 644'
INSTALL_PROGRAM='${INSTALL}'
INSTALL_SCRIPT='${INSTALL}'
INSTALL_STRIP_PROGRAM='$(install_sh) -c -s'
LD='/usr/bin/ld -m elf_x86_64'
LDFLAGS=''
LIBOBJS=''
LIBS=''
LIBTOOL='$(SHELL) $(top_builddir)/libtool'
LIPO=''
LN_S='ln -s'
LTLIBOBJS=''
MAKEINFO='${SHELL} /home/zach/Programming/psnotes/missing --run makeinfo'
MANIFEST_TOOL=':'
MKDIR_P='/bin/mkdir -p'
NM='/usr/bin/nm -B'
NMEDIT=''
OBJDUMP='objdump'
OBJEXT='o'
OTOOL64=''
OTOOL=''
PACKAGE='psnotes'
PACKAGE_BUGREPORT=''
PACKAGE_NAME='psnotes'
PACKAGE_STRING='psnotes 0.7.1'
PACKAGE_TARNAME='psnotes'
PACKAGE_URL=''
PACKAGE_VERSION='0.7.1'
PATH_SEPARATOR=':'
PKG_CONFIG='/usr/bin/pkg-config'
PKG_CONFIG_LIBDIR=''
PKG_CONFIG_PATH=''
PSNOTES_CFLAGS='-pthread -I/usr/include/gtk-3.0 -I/usr/include/gio-unix-2.0/ -I/usr/include/cairo -I/usr/include/pango-1.0 -I/usr/include/gdk-pixbuf-2.0 -I/usr/include/glib-2.0 -I/usr/lib/x86_64-linux-gnu/glib-2.0/include -I/usr/include/pixman-1 -I/usr/include/freetype2 -I/usr/include/libpng12 -I/usr/include/atk-1.0 -I/usr/include/gee-1.0  '
PSNOTES_LIBS='-lgee -lgtk-3 -lgdk-3 -latk-1.0 -lgio-2.0 -lpangocairo-1.0 -lgdk_pixbuf-2.0 -lcairo-gobject -lpango-1.0 -lcairo -lgobject-2.0 -lglib-2.0  '
RANLIB='ranlib'
SED='/bin/sed'
SET_MAKE=''
SHELL='/bin/bash'
STRIP='strip'
VALAC='/usr/bin/valac'
VERSION='0.7.1'
ac_ct_AR='ar'
ac_ct_CC='gcc'
ac_ct_DUMPBIN=''
am__EXEEXT_FALSE=''
am__EXEEXT_TRUE='#'
am__fastdepCC_FALSE='#'
am__fastdepCC_TRUE=''
am__include='include'
am__isrc=''
am__leading_dot='.'
am__nodep='_no'
am__quote=''
am__tar='$${TAR-tar} chof - "$$tardir"'
am__untar='$${TAR-tar} xf -'
bindir='${exec_prefix}/bin'
build='x86_64-unknown-linux-gnu'
build_alias=''
build_cpu='x86_64'
build_os='linux-gnu'
build_vendor='unknown'
datadir='${datarootdir}'
datarootdir='${prefix}/share'
docdir='${datarootdir}/doc/${PACKAGE_TARNAME}'
dvidir='${docdir}'
exec_prefix='${prefix}'
host='x86_64-unknown-linux-gnu'
host_alias=''
host_cpu='x86_64'
host_os='linux-gnu'
host_vendor='unknown'
htmldir='${docdir}'
includedir='${prefix}/include'
infodir='${datarootdir}/info'
install_sh='${SHELL} /home/zach/Programming/psnotes/install-sh'
libdir='${exec_prefix}/lib'
libexecdir='${exec_prefix}/libexec'
localedir='${datarootdir}/locale'
localstatedir='${prefix}/var'
mandir='${datarootdir}/man'
mkdir_p='/bin/mkdir -p'
oldincludedir='/usr/include'
pdfdir='${docdir}'
prefix='/usr/local'
program_transform_name='s,x,x,'
psdir='${docdir}'
sbindir='${exec_prefix}/sbin'
sharedstatedir='${prefix}/com'
sysconfdir='${prefix}/etc'
target_alias=''

## ----------- ##
## confdefs.h. ##
## ----------- ##

/* confdefs.h */
#define PACKAGE_NAME "psnotes"
#define PACKAGE_TARNAME "psnotes"
#define PACKAGE_VERSION "0.7.1"
#define PACKAGE_STRING "psnotes 0.7.1"
#define PACKAGE_BUGREPORT ""
#define PACKAGE_URL ""
#define PACKAGE "psnotes"
#define VERSION "0.7.1"
#define STDC_HEADERS 1
#define HAVE_SYS_TYPES_H 1
#define HAVE_SYS_STAT_H 1
#define HAVE_STDLIB_H 1
#define HAVE_STRING_H 1
#define HAVE_MEMORY_H 1
#define HAVE_STRINGS_H 1
#define HAVE_INTTYPES_H 1
#define HAVE_STDINT_H 1
#define HAVE_UNISTD_H 1
#define HAVE_DLFCN_H 1
#define LT_OBJDIR ".libs/"

configure: exit 0

## ---------------------- ##
## Running config.status. ##
## ---------------------- ##

This file was extended by psnotes config.status 0.7.1, which was
generated by GNU Autoconf 2.68.  Invocation command line was

  CONFIG_FILES    = 
  CONFIG_HEADERS  = 
  CONFIG_LINKS    = 
  CONFIG_COMMANDS = 
  $ ./config.status 

on zach-Lemur-UltraThin

config.status:1101: creating Makefile
config.status:1101: creating src/Makefile
config.status:1101: creating config.h
config.status:1330: executing depfiles commands
config.status:1330: executing libtool commands

## ---------------------- ##
## Running config.status. ##
## ---------------------- ##

This file was extended by psnotes config.status 0.7.1, which was
generated by GNU Autoconf 2.68.  Invocation command line was

  CONFIG_FILES    = 
  CONFIG_HEADERS  = 
  CONFIG_LINKS    = 
  CONFIG_COMMANDS = 
  $ ./config.status config.h

on zach-Lemur-UltraThin

config.status:1101: creating config.h
config.status:1282: config.h is unchanged
